**********************
Windows PowerShell transcript start
Start time: 20251023044034
Username: WIN-QT0K6OH629V\Administrator
RunAs User: WIN-QT0K6OH629V\Administrator
Configuration Name: 
Machine: WIN-QT0K6OH629V (Microsoft Windows NT 10.0.20348.0)
Host Application: powershell.exe -NoLogo -NoProfile -ExecutionPolicy Bypass -File scripts/setup/zero_to_dev.ps1 -LogPath artefacts/zerotodev_execution.log
Process ID: 6016
PSVersion: 5.1.20348.320
PSEdition: Desktop
PSCompatibleVersions: 1.0, 2.0, 3.0, 4.0, 5.0, 5.1.20348.320
BuildVersion: 10.0.20348.320
CLRVersion: 4.0.30319.42000
WSManStackVersion: 3.0
PSRemotingProtocolVersion: 2.3
SerializationVersion: 1.1.0.1
**********************
[INFO] Zero-to-Dev setup started at 10/23/2025 04:40:34
[INFO] Running on PowerShell 5.1.20348.320
[STEP] Check Python
Password for user postgres: Password for user postgres:
[OK] Check Python
[STEP] Check PostgreSQL CLI
Password for user postgres: Password for user postgres:
[OK] Check PostgreSQL CLI
[WARN] RabbitMQ service not detected. Install RabbitMQ Windows Service before running producers.
[STEP] Create/Update Python virtual environment
Password for user postgres: Password for user postgres:
Password for user postgres: Password for user postgres:
Password for user postgres: Password for user postgres:
[OK] Create/Update Python virtual environment
[STEP] Ensure config/test.env present
[OK] Ensure config/test.env present
[STEP] Ensure database exists
[OK] Ensure database exists
[STEP] Apply database migrations
Password for user postgres: Password for user postgres:
[OK] Apply database migrations
[STEP] Run migration verification test
Password for user postgres: Password for user postgres:
[OK] Run migration verification test
[STEP] Run performance benchmark
Password for user postgres: Password for user postgres:
[OK] Run performance benchmark
[STEP] Rollback and re-apply migration to ensure clean state
Password for user postgres: Password for user postgres:
Password for user postgres: Password for user postgres:
[OK] Rollback and re-apply migration to ensure clean state
[STEP] Run smoke tests (pytest placeholder)
[INFO] Additional smoke tests can be executed here (e.g., pytest).
[OK] Run smoke tests (pytest placeholder)
[INFO] Zero-to-Dev setup finished at 10/23/2025 04:41:57
[INFO] Duration: 1.38 minutes
**********************
Windows PowerShell transcript end
End time: 20251023044157
**********************
